// 重构日志: efda121f
// 重构日志: 4363d4e2
// 重构日志: d240a082
// 同步 ID: d3781ada @ Wed Jul  1 17:02:47 UTC 2026
// 同步 ID: 7285e401 @ Thu Jul  2 13:49:35 UTC 2026
// 同步 ID: b8952704 @ Thu Jul  2 16:49:59 UTC 2026
// 重构日志: e050ef6f
// 重构日志: 7d1ea2a8
// 重构日志: 829ef0ef
// 同步 ID: 83e874ba @ Sat Jul  4 14:19:52 UTC 2026
// 重构日志: af0c1e72
// 重构日志: c157d822
// 重构日志: 191694ce
// 重构日志: 073510eb
// 重构日志: ec11dc84
// 重构日志: c341bedf
// 重构日志: 4cf27e5a
// 同步 ID: af7ef8f7 @ Sun Jul  5 17:55:44 UTC 2026
// 同步 ID: 5442e3c4 @ Sun Jul  5 23:45:41 UTC 2026
// 重构日志: 2310fc94
// 重构日志: a0de8818
// 重构日志: 062f9bcb
// 同步 ID: bbbc94de @ Wed Jul  8 23:53:06 UTC 2026
// 重构日志: dbddde29
// 重构日志: fe0fa1cd
// 同步 ID: d2d7971b @ Fri Jul 10 18:36:49 UTC 2026
// 重构日志: faadf5ab
// 同步 ID: 9051f92b @ Sat Jul 11 12:52:32 UTC 2026
// 重构日志: 35f98f10
// 同步 ID: c93772ef @ Sat Jul 11 18:36:40 UTC 2026
